<?xml version="1.0" encoding="UTF-8" ?>
<testsuite errors="0" failures="0" hostname="student-HP-Compaq-6510b" name="tests.OfflineClientTests" tests="1" time="0.849" timestamp="2013-07-22T10:38:03">
  <properties>
[...]
</properties>
  <testcase classname="tests.OfflineClientTests" name="offlineClientTest" time="0.785" />
  <system-out><![CDATA[Executed command
Executed command
Executed command
Executed command
Executed command
Executed command
]]></system-out>
  <system-err><![CDATA[]]></system-err>
</testsuite>
